#
# A fatal error has been detected by the Java Runtime Environment:
#
#  EXCEPTION_ACCESS_VIOLATION (0xc0000005) at pc=0x000000006363724f, pid=3928, tid=0x0000000000008e60
#
# JRE version: Java(TM) SE Runtime Environment (8.0_161-b12) (build 1.8.0_161-b12)
# Java VM: Java HotSpot(TM) 64-Bit Server VM (25.161-b12 mixed mode windows-amd64 compressed oops)
# Problematic frame:
# V  [jvm.dll+0x1e724f]
#
# Failed to write core dump. Minidumps are not enabled by default on client versions of Windows
#
# If you would like to submit a bug report, please visit:
#   http://bugreport.java.com/bugreport/crash.jsp
#

---------------  T H R E A D  ---------------

Current thread (0x0000000004fd2800):  JavaThread "main" [_thread_in_vm, id=36448, stack(0x0000000004e50000,0x0000000004f50000)]

siginfo: ExceptionCode=0xc0000005, reading address 0x00000001d5ef42ac

Registers:
RAX=0x0000000004fd2800, RBX=0x0000000004fd2800, RCX=0x0000000000000007, RDX=0x0000000004f4f548
RSP=0x0000000004f4f470, RBP=0x0000000004f4f518, RSI=0x0000000000000002, RDI=0x00000001d5ef42ac
R8 =0x00000001d5ef42ac, R9 =0x0000000004fc88a0, R10=0x00000000050e8c3b, R11=0x000000006367bcb0
R12=0x0000000000000000, R13=0x00000000196edd10, R14=0x0000000004f4f548, R15=0x0000000004fd2800
RIP=0x000000006363724f, EFLAGS=0x0000000000010246

Top of Stack: (sp=0x0000000004f4f470)
0x0000000004f4f470:   0000000004fc9f60 0000000004fd2800
0x0000000004f4f480:   00000000196edd10 0000000000000002
0x0000000004f4f490:   00000000050d835d 00000000050e8c67
0x0000000004f4f4a0:   00000000196edd10 0000000004f4f518
0x0000000004f4f4b0:   0000000000000002 00000000196edd10
0x0000000004f4f4c0:   0000000000000002 0000000004fd2800
0x0000000004f4f4d0:   00000000050e8962 0000000004f4f4d8
0x0000000004f4f4e0:   00000000196edd10 0000000004f4f548
0x0000000004f4f4f0:   000000001971b428 0000000000000000
0x0000000004f4f500:   00000000196edd10 0000000000000000
0x0000000004f4f510:   0000000004f4f538 0000000004f4f590
0x0000000004f4f520:   00000000050d7da0 0000000000000000
0x0000000004f4f530:   00000000050e21d6 00000001d5ef42ac
0x0000000004f4f540:   00000000d5ef6970 00000000d5e08998
0x0000000004f4f550:   0000000004f4f550 0000000019a70876
0x0000000004f4f560:   0000000004f4f5f0 0000000019a70a20 

Instructions: (pc=0x000000006363724f)
0x000000006363722f:   bb 05 00 c7 83 70 02 00 00 06 00 00 00 8b 0d 06
0x000000006363723f:   e6 5c 00 ff 15 a8 71 3f 00 c6 80 94 02 00 00 01
0x000000006363724f:   8b 2f c6 80 94 02 00 00 00 48 8b 7b 48 48 8b 47
0x000000006363725f:   10 48 8b 77 08 48 83 38 00 74 15 48 8b 57 28 48 


Register to memory mapping:

RAX=0x0000000004fd2800 is a thread
RBX=0x0000000004fd2800 is a thread
RCX=0x0000000000000007 is an unknown value
RDX=0x0000000004f4f548 is pointing into the stack for thread: 0x0000000004fd2800
RSP=0x0000000004f4f470 is pointing into the stack for thread: 0x0000000004fd2800
RBP=0x0000000004f4f518 is pointing into the stack for thread: 0x0000000004fd2800
RSI=0x0000000000000002 is an unknown value
RDI=0x00000001d5ef42ac is an unknown value
R8 =0x00000001d5ef42ac is an unknown value
R9 =0x0000000004fc88a0 is an unknown value
R10=0x00000000050e8c3b is at code_begin+891 in an Interpreter codelet
method entry point (kind = native)  [0x00000000050e88c0, 0x00000000050e9280]  2496 bytes
R11=0x000000006367bcb0 is an unknown value
R12=0x0000000000000000 is an unknown value
R13={method} {0x00000000196edd18} 'getInt' '(J)I' in 'sun/misc/Unsafe'
R14=0x0000000004f4f548 is pointing into the stack for thread: 0x0000000004fd2800
R15=0x0000000004fd2800 is a thread


Stack: [0x0000000004e50000,0x0000000004f50000],  sp=0x0000000004f4f470,  free space=1021k
Native frames: (J=compiled Java code, j=interpreted, Vv=VM code, C=native code)
V  [jvm.dll+0x1e724f]
C  0x00000000050e8c67

Java frames: (J=compiled Java code, j=interpreted, Vv=VM code)
j  sun.misc.Unsafe.getInt(J)I+0
j  kernal.ObjectOffeset.main([Ljava/lang/String;)V+158
v  ~StubRoutines::call_stub

---------------  P R O C E S S  ---------------

Java Threads: ( => current thread )
  0x000000001c095800 JavaThread "Service Thread" daemon [_thread_blocked, id=12932, stack(0x000000001cb50000,0x000000001cc50000)]
  0x000000001bfe5800 JavaThread "C1 CompilerThread3" daemon [_thread_blocked, id=17624, stack(0x000000001ca50000,0x000000001cb50000)]
  0x000000001bfeb000 JavaThread "C2 CompilerThread2" daemon [_thread_blocked, id=8476, stack(0x000000001c950000,0x000000001ca50000)]
  0x000000001bfe3800 JavaThread "C2 CompilerThread1" daemon [_thread_blocked, id=24888, stack(0x000000001c850000,0x000000001c950000)]
  0x000000001bfdd800 JavaThread "C2 CompilerThread0" daemon [_thread_blocked, id=9724, stack(0x000000001c750000,0x000000001c850000)]
  0x000000001bfdb000 JavaThread "Attach Listener" daemon [_thread_blocked, id=38884, stack(0x000000001c650000,0x000000001c750000)]
  0x000000001bf88800 JavaThread "Signal Dispatcher" daemon [_thread_blocked, id=29856, stack(0x000000001c550000,0x000000001c650000)]
  0x000000001bf70800 JavaThread "Finalizer" daemon [_thread_blocked, id=36932, stack(0x000000001c350000,0x000000001c450000)]
  0x000000001a05d000 JavaThread "Reference Handler" daemon [_thread_blocked, id=19464, stack(0x000000001be50000,0x000000001bf50000)]
=>0x0000000004fd2800 JavaThread "main" [_thread_in_vm, id=36448, stack(0x0000000004e50000,0x0000000004f50000)]

Other Threads:
  0x000000001a059000 VMThread [stack: 0x000000001bd50000,0x000000001be50000] [id=25980]
  0x000000001c0a8800 WatcherThread [stack: 0x000000001cc50000,0x000000001cd50000] [id=26252]

VM state:not at safepoint (normal execution)

VM Mutex/Monitor currently owned by a thread: None

Heap:
 PSYoungGen      total 38400K, used 1997K [0x00000000d5e00000, 0x00000000d8880000, 0x0000000100000000)
  eden space 33280K, 6% used [0x00000000d5e00000,0x00000000d5ff3430,0x00000000d7e80000)
  from space 5120K, 0% used [0x00000000d8380000,0x00000000d8380000,0x00000000d8880000)
  to   space 5120K, 0% used [0x00000000d7e80000,0x00000000d7e80000,0x00000000d8380000)
 ParOldGen       total 87552K, used 0K [0x0000000081a00000, 0x0000000086f80000, 0x00000000d5e00000)
  object space 87552K, 0% used [0x0000000081a00000,0x0000000081a00000,0x0000000086f80000)
 Metaspace       used 2815K, capacity 4486K, committed 4864K, reserved 1056768K
  class space    used 304K, capacity 386K, committed 512K, reserved 1048576K

Card table byte_map: [0x0000000014490000,0x0000000014890000] byte_map_base: 0x0000000014083000

Marking Bits: (ParMarkBitMap*) 0x0000000063c6f860
 Begin Bits: [0x0000000015340000, 0x00000000172d8000)
 End Bits:   [0x00000000172d8000, 0x0000000019270000)

Polling page: 0x0000000002e20000

CodeCache: size=245760Kb used=1159Kb max_used=1166Kb free=244600Kb
 bounds [0x00000000050d0000, 0x0000000005340000, 0x00000000140d0000]
 total_blobs=287 nmethods=52 adapters=148
 compilation: enabled

Compilation events (10 events):
Event: 0.166 Thread 0x000000001bfe5800 nmethod 48 0x00000000051f0b90 code [0x00000000051f0ce0, 0x00000000051f0df0]
Event: 0.168 Thread 0x000000001bfe3800 nmethod 47 0x00000000051f3bd0 code [0x00000000051f3d00, 0x00000000051f3e78]
Event: 0.170 Thread 0x000000001bfe5800   50       1       java.net.URL::getPath (5 bytes)
Event: 0.171 Thread 0x000000001bfe5800 nmethod 50 0x00000000051f3910 code [0x00000000051f3a60, 0x00000000051f3b70]
Event: 0.171 Thread 0x000000001bfe5800   49       1       java.net.URL::getAuthority (5 bytes)
Event: 0.171 Thread 0x000000001bfe5800 nmethod 49 0x00000000051f3650 code [0x00000000051f37a0, 0x00000000051f38b0]
Event: 0.172 Thread 0x000000001bfe5800   51       1       java.util.ArrayList::size (5 bytes)
Event: 0.172 Thread 0x000000001bfe5800 nmethod 51 0x00000000051f3390 code [0x00000000051f34e0, 0x00000000051f35f0]
Event: 0.172 Thread 0x000000001bfe5800   52       3       java.lang.AbstractStringBuilder::newCapacity (39 bytes)
Event: 0.173 Thread 0x000000001bfe5800 nmethod 52 0x00000000051f2cd0 code [0x00000000051f2e60, 0x00000000051f3248]

GC Heap History (0 events):
No events

Deoptimization events (0 events):
No events

Classes redefined (0 events):
No events

Internal exceptions (2 events):
Event: 0.042 Thread 0x0000000004fd2800 Exception <a 'java/lang/NoSuchMethodError': Method sun.misc.Unsafe.defineClass(Ljava/lang/String;[BII)Ljava/lang/Class; name or signature does not match> (0x00000000d5e07ca0) thrown at [C:\re\workspace\8-2-build-windows-amd64-cygwin\jdk8u161\10277\hotspot
Event: 0.042 Thread 0x0000000004fd2800 Exception <a 'java/lang/NoSuchMethodError': Method sun.misc.Unsafe.prefetchRead(Ljava/lang/Object;J)V name or signature does not match> (0x00000000d5e07f88) thrown at [C:\re\workspace\8-2-build-windows-amd64-cygwin\jdk8u161\10277\hotspot\src\share\vm\prim

Events (10 events):
Event: 0.172 loading class java/util/HashMap$EntrySet
Event: 0.172 loading class java/util/HashMap$EntrySet done
Event: 0.172 loading class java/util/HashMap$EntryIterator
Event: 0.172 loading class java/util/HashMap$HashIterator
Event: 0.172 loading class java/util/HashMap$HashIterator done
Event: 0.172 loading class java/util/HashMap$EntryIterator done
Event: 0.172 loading class kernal/OffesetWrap
Event: 0.172 loading class kernal/OffesetWrap done
Event: 0.173 loading class java/util/concurrent/ConcurrentHashMap$ForwardingNode
Event: 0.173 loading class java/util/concurrent/ConcurrentHashMap$ForwardingNode done


Dynamic libraries:
0x00007ff6f4020000 - 0x00007ff6f4057000 	C:\Program Files\Java\jdk1.8.0_161\bin\javaw.exe
0x00007ff872e80000 - 0x00007ff873060000 	C:\WINDOWS\SYSTEM32\ntdll.dll
0x00007ff870ba0000 - 0x00007ff870c4e000 	C:\WINDOWS\System32\KERNEL32.DLL
0x00007ff86ffe0000 - 0x00007ff870246000 	C:\WINDOWS\System32\KERNELBASE.dll
0x00007ff870350000 - 0x00007ff8703f1000 	C:\WINDOWS\System32\ADVAPI32.dll
0x00007ff870a70000 - 0x00007ff870b0d000 	C:\WINDOWS\System32\msvcrt.dll
0x00007ff872550000 - 0x00007ff8725ab000 	C:\WINDOWS\System32\sechost.dll
0x00007ff870950000 - 0x00007ff870a6f000 	C:\WINDOWS\System32\RPCRT4.dll
0x00007ff870430000 - 0x00007ff8705bf000 	C:\WINDOWS\System32\USER32.dll
0x00007ff86fec0000 - 0x00007ff86fee0000 	C:\WINDOWS\System32\win32u.dll
0x00007ff870400000 - 0x00007ff870428000 	C:\WINDOWS\System32\GDI32.dll
0x00007ff86f400000 - 0x00007ff86f593000 	C:\WINDOWS\System32\gdi32full.dll
0x00007ff8702b0000 - 0x00007ff87034b000 	C:\WINDOWS\System32\msvcp_win.dll
0x00007ff86fee0000 - 0x00007ff86ffd6000 	C:\WINDOWS\System32\ucrtbase.dll
0x00007ff865220000 - 0x00007ff865489000 	C:\WINDOWS\WinSxS\amd64_microsoft.windows.common-controls_6595b64144ccf1df_6.0.16299.371_none_15c7d1789365a290\COMCTL32.dll
0x00007ff870640000 - 0x00007ff870948000 	C:\WINDOWS\System32\combase.dll
0x00007ff86f380000 - 0x00007ff86f3f2000 	C:\WINDOWS\System32\bcryptPrimitives.dll
0x00007ff870b10000 - 0x00007ff870b3d000 	C:\WINDOWS\System32\IMM32.DLL
0x00000000640d0000 - 0x00000000641a2000 	C:\Program Files\Java\jdk1.8.0_161\jre\bin\msvcr100.dll
0x0000000063450000 - 0x0000000063cef000 	C:\Program Files\Java\jdk1.8.0_161\jre\bin\server\jvm.dll
0x00007ff8705c0000 - 0x00007ff8705c8000 	C:\WINDOWS\System32\PSAPI.DLL
0x00007ff86d480000 - 0x00007ff86d4a3000 	C:\WINDOWS\SYSTEM32\WINMM.dll
0x00007ff8651e0000 - 0x00007ff8651ea000 	C:\WINDOWS\SYSTEM32\VERSION.dll
0x00007ff86be40000 - 0x00007ff86be49000 	C:\WINDOWS\SYSTEM32\WSOCK32.dll
0x00007ff8705d0000 - 0x00007ff87063c000 	C:\WINDOWS\System32\WS2_32.dll
0x00007ff86d180000 - 0x00007ff86d1aa000 	C:\WINDOWS\SYSTEM32\winmmbase.dll
0x00007ff86f330000 - 0x00007ff86f37a000 	C:\WINDOWS\System32\cfgmgr32.dll
0x00000000642c0000 - 0x00000000642cf000 	C:\Program Files\Java\jdk1.8.0_161\jre\bin\verify.dll
0x0000000064290000 - 0x00000000642b9000 	C:\Program Files\Java\jdk1.8.0_161\jre\bin\java.dll
0x0000000064240000 - 0x0000000064256000 	C:\Program Files\Java\jdk1.8.0_161\jre\bin\zip.dll
0x00007ff870f80000 - 0x00007ff8723b6000 	C:\WINDOWS\System32\SHELL32.dll
0x00007ff872d00000 - 0x00007ff872da6000 	C:\WINDOWS\System32\shcore.dll
0x00007ff86f770000 - 0x00007ff86feb7000 	C:\WINDOWS\System32\windows.storage.dll
0x00007ff870b40000 - 0x00007ff870b91000 	C:\WINDOWS\System32\shlwapi.dll
0x00007ff86f240000 - 0x00007ff86f251000 	C:\WINDOWS\System32\kernel.appcore.dll
0x00007ff86f1f0000 - 0x00007ff86f23c000 	C:\WINDOWS\System32\powrprof.dll
0x00007ff86f1d0000 - 0x00007ff86f1eb000 	C:\WINDOWS\System32\profapi.dll
0x00007ff85ef80000 - 0x00007ff85f148000 	C:\WINDOWS\SYSTEM32\dbghelp.dll

VM Arguments:
jvm_args: -Dfile.encoding=UTF-8 
java_command: kernal.ObjectOffeset
java_class_path (initial): C:\Program Files\Java\jdk1.8.0_161\jre\lib\resources.jar;C:\Program Files\Java\jdk1.8.0_161\jre\lib\rt.jar;C:\Program Files\Java\jdk1.8.0_161\jre\lib\jsse.jar;C:\Program Files\Java\jdk1.8.0_161\jre\lib\jce.jar;C:\Program Files\Java\jdk1.8.0_161\jre\lib\charsets.jar;C:\Program Files\Java\jdk1.8.0_161\jre\lib\jfr.jar;C:\Program Files\Java\jdk1.8.0_161\jre\lib\ext\access-bridge-64.jar;C:\Program Files\Java\jdk1.8.0_161\jre\lib\ext\cldrdata.jar;C:\Program Files\Java\jdk1.8.0_161\jre\lib\ext\dnsns.jar;C:\Program Files\Java\jdk1.8.0_161\jre\lib\ext\jaccess.jar;C:\Program Files\Java\jdk1.8.0_161\jre\lib\ext\jfxrt.jar;C:\Program Files\Java\jdk1.8.0_161\jre\lib\ext\localedata.jar;C:\Program Files\Java\jdk1.8.0_161\jre\lib\ext\nashorn.jar;C:\Program Files\Java\jdk1.8.0_161\jre\lib\ext\sunec.jar;C:\Program Files\Java\jdk1.8.0_161\jre\lib\ext\sunjce_provider.jar;C:\Program Files\Java\jdk1.8.0_161\jre\lib\ext\sunmscapi.jar;C:\Program Files\Java\jdk1.8.0_161\jre\lib\ext\sunpkcs11.jar;C:\Program Files\Java\jdk1.8.0_161\jre\lib\ext\zipfs.jar;D:\Github\javayue\java\source\jdk8\bin;D:\Github\javayue\java\source\jdk8\lib\commons-collections4-4.1.jar
Launcher Type: SUN_STANDARD

Environment Variables:
JAVA_HOME=C:\Program Files\Java\jdk1.8.0_161
PATH=C:/Program Files/Java/jdk1.8.0_161/bin/../jre/bin/server;C:/Program Files/Java/jdk1.8.0_161/bin/../jre/bin;C:/Program Files/Java/jdk1.8.0_161/bin/../jre/lib/amd64;C:\Program Files\Docker\Docker\Resources\bin;C:\WINDOWS\system32;C:\WINDOWS;C:\WINDOWS\System32\Wbem;C:\WINDOWS\System32\WindowsPowerShell\v1.0\;C:\Program Files\Java\jdk1.8.0_161\bin;D:\Tool\MinGit-2.15.1.2-64-bit\cmd;D:\nodejs\nodejs;C:\Program Files\TortoiseGit\bin;D:\ADT\gradlehome\gradle-4.5\bin;C:\Program Files (x86)\Yarn\bin\;C:\Users\Administrator\AppData\Local\Microsoft\WindowsApps;C:\Users\Administrator\AppData\Local\Yarn\bin;D:\Eclipse\sts\sts-3.9.2.RELEASE;
USERNAME=Administrator
OS=Windows_NT
PROCESSOR_IDENTIFIER=Intel64 Family 6 Model 58 Stepping 9, GenuineIntel



---------------  S Y S T E M  ---------------

OS: Windows 10.0 , 64 bit Build 16299 (10.0.16299.15)

CPU:total 8 (initial active 8) (4 cores per cpu, 2 threads per core) family 6 model 58 stepping 9, cmov, cx8, fxsr, mmx, sse, sse2, sse3, ssse3, sse4.1, sse4.2, popcnt, avx, aes, clmul, erms, ht, tsc, tscinvbit, tscinv

Memory: 4k page, physical 8281904k(1839612k free), swap 16937716k(1733296k free)

vm_info: Java HotSpot(TM) 64-Bit Server VM (25.161-b12) for windows-amd64 JRE (1.8.0_161-b12), built on Dec 19 2017 17:52:25 by "java_re" with MS VC++ 10.0 (VS2010)

time: Thu May 03 20:07:17 2018
elapsed time: 0 seconds (0d 0h 0m 0s)

